<?xml version="1.0" encoding="UTF-8"?>
<testsuite name="com.fastcampus.projectboard.FastCampusProjectBoardApplicationTests" tests="1" skipped="0" failures="0" errors="0" timestamp="2023-12-29T03:50:52" hostname="DESKTOP-QM85DO9" time="0.597">
  <properties/>
  <testcase name="contextLoads()" classname="com.fastcampus.projectboard.FastCampusProjectBoardApplicationTests" time="0.597"/>
  <system-out><![CDATA[12:50:51.440 [Test worker] INFO org.springframework.test.context.support.AnnotationConfigContextLoaderUtils -- Could not detect default configuration classes for test class [com.fastcampus.projectboard.FastCampusProjectBoardApplicationTests]: FastCampusProjectBoardApplicationTests does not declare any static, non-private, non-final, nested classes annotated with @Configuration.
12:50:51.522 [Test worker] INFO org.springframework.boot.test.context.SpringBootTestContextBootstrapper -- Found @SpringBootConfiguration com.fastcampus.projectboard.FastCampusProjectBoardApplication for test class com.fastcampus.projectboard.FastCampusProjectBoardApplicationTests

  .   ____          _            __ _ _
 /\\ / ___'_ __ _ _(_)_ __  __ _ \ \ \ \
( ( )\___ | '_ | '_| | '_ \/ _` | \ \ \ \
 \\/  ___)| |_)| | | | | || (_| |  ) ) ) )
  '  |____| .__|_| |_|_| |_\__, | / / / /
 =========|_|==============|___/=/_/_/_/
 :: Spring Boot ::                (v3.2.1)

2023-12-29T12:50:51.805+09:00  INFO 22940 --- [    Test worker] p.FastCampusProjectBoardApplicationTests : Starting FastCampusProjectBoardApplicationTests using Java 17.0.9 with PID 22940 (started by PC in C:\Users\PC\git\fast-board\fastcampus-project-board)
2023-12-29T12:50:51.807+09:00  INFO 22940 --- [    Test worker] p.FastCampusProjectBoardApplicationTests : No active profile set, falling back to 1 default profile: "default"
2023-12-29T12:50:52.898+09:00  INFO 22940 --- [    Test worker] o.s.b.a.e.web.EndpointLinksResolver      : Exposing 1 endpoint(s) beneath base path '/actuator'
2023-12-29T12:50:52.938+09:00  INFO 22940 --- [    Test worker] p.FastCampusProjectBoardApplicationTests : Started FastCampusProjectBoardApplicationTests in 1.298 seconds (process running for 2.136)
]]></system-out>
  <system-err><![CDATA[]]></system-err>
</testsuite>
